2025-11-11 13:46:52,485 - INFO - SQL script loaded successfully.
2025-11-11 13:46:52,490 - INFO - Executed statement: -- Drop existing OLTP tables if needed
DROP TABLE ...
2025-11-11 13:46:52,491 - INFO - Executed statement: DROP TABLE IF EXISTS patients...
2025-11-11 13:46:52,491 - INFO - Executed statement: DROP TABLE IF EXISTS diagnoses...
2025-11-11 13:46:52,503 - INFO - Executed statement: -- Create OLTP Tables
CREATE TABLE diagnoses (
  d...
2025-11-11 13:46:52,515 - INFO - Executed statement: CREATE TABLE patients (
  patient_id INT PRIMARY K...
2025-11-11 13:46:52,531 - INFO - Executed statement: CREATE TABLE treatments (
  admission_id INT PRIMA...
2025-11-11 13:46:52,531 - ERROR - Error occurred: 2068 (HY000): LOAD DATA LOCAL INFILE file request rejected due to restrictions on access.
2025-11-11 13:46:52,532 - INFO - Database connection closed.
2025-11-11 13:49:35,032 - INFO - SQL script loaded successfully.
2025-11-11 13:49:35,045 - INFO - Executed statement: -- Drop existing OLTP tables if needed
DROP TABLE ...
2025-11-11 13:49:35,053 - INFO - Executed statement: DROP TABLE IF EXISTS patients...
2025-11-11 13:49:35,065 - INFO - Executed statement: DROP TABLE IF EXISTS diagnoses...
2025-11-11 13:49:35,077 - INFO - Executed statement: -- Create OLTP Tables
CREATE TABLE diagnoses (
  d...
2025-11-11 13:49:35,096 - INFO - Executed statement: CREATE TABLE patients (
  patient_id INT PRIMARY K...
2025-11-11 13:49:35,121 - INFO - Executed statement: CREATE TABLE treatments (
  admission_id INT PRIMA...
2025-11-11 13:49:35,126 - ERROR - Error occurred: 2068 (HY000): LOAD DATA LOCAL INFILE file request rejected due to restrictions on access.
2025-11-11 13:49:35,126 - INFO - Database connection closed.
2025-11-11 13:53:54,366 - INFO - SQL script loaded successfully.
2025-11-11 13:53:54,380 - INFO - Executed statement: -- Drop existing OLTP tables if needed
DROP TABLE ...
2025-11-11 13:53:54,387 - INFO - Executed statement: DROP TABLE IF EXISTS patients...
2025-11-11 13:53:54,402 - INFO - Executed statement: DROP TABLE IF EXISTS diagnoses...
2025-11-11 13:53:54,421 - INFO - Executed statement: -- Create OLTP Tables
CREATE TABLE diagnoses (
  d...
2025-11-11 13:53:54,438 - INFO - Executed statement: CREATE TABLE patients (
  patient_id INT PRIMARY K...
2025-11-11 13:53:54,458 - INFO - Executed statement: CREATE TABLE treatments (
  admission_id INT PRIMA...
2025-11-11 13:53:54,459 - ERROR - Error occurred: 2068 (HY000): LOAD DATA LOCAL INFILE file request rejected due to restrictions on access.
2025-11-11 13:53:54,460 - INFO - Database connection closed.
2025-11-11 13:54:04,210 - ERROR - No such comm target registered: jupyter.widget.control
2025-11-11 13:54:04,215 - WARNING - No such comm: e390667c-2be6-439c-9299-22e4585060b6
2025-11-11 13:54:12,585 - INFO - SQL script loaded successfully.
2025-11-11 13:54:12,601 - INFO - Executed statement: -- Drop existing OLTP tables if needed
DROP TABLE ...
2025-11-11 13:54:12,609 - INFO - Executed statement: DROP TABLE IF EXISTS patients...
2025-11-11 13:54:12,619 - INFO - Executed statement: DROP TABLE IF EXISTS diagnoses...
2025-11-11 13:54:12,633 - INFO - Executed statement: -- Create OLTP Tables
CREATE TABLE diagnoses (
  d...
2025-11-11 13:54:12,647 - INFO - Executed statement: CREATE TABLE patients (
  patient_id INT PRIMARY K...
2025-11-11 13:54:12,664 - INFO - Executed statement: CREATE TABLE treatments (
  admission_id INT PRIMA...
2025-11-11 13:54:12,665 - ERROR - Error occurred: 2068 (HY000): LOAD DATA LOCAL INFILE file request rejected due to restrictions on access.
2025-11-11 13:54:12,665 - INFO - Database connection closed.
2025-11-11 13:55:45,314 - INFO - SQL script loaded successfully.
2025-11-11 13:55:45,332 - INFO - Executed statement: -- Drop existing OLTP tables if needed
DROP TABLE ...
2025-11-11 13:55:45,344 - INFO - Executed statement: DROP TABLE IF EXISTS patients...
2025-11-11 13:55:45,354 - INFO - Executed statement: DROP TABLE IF EXISTS diagnoses...
2025-11-11 13:55:45,367 - INFO - Executed statement: -- Create OLTP Tables
CREATE TABLE diagnoses (
  d...
2025-11-11 13:55:45,379 - INFO - Executed statement: CREATE TABLE patients (
  patient_id INT PRIMARY K...
2025-11-11 13:55:45,394 - INFO - Executed statement: CREATE TABLE treatments (
  admission_id INT PRIMA...
2025-11-11 13:55:45,395 - INFO - Executed statement: LOAD DATA LOCAL INFILE '/opt/lampp/htdocs/data/dia...
2025-11-11 13:55:45,396 - INFO - Executed statement: LOAD DATA LOCAL INFILE '/opt/lampp/htdocs/data/pat...
2025-11-11 13:55:45,397 - INFO - Executed statement: LOAD DATA LOCAL INFILE '/opt/lampp/htdocs/data/tre...
2025-11-11 13:55:45,397 - INFO - Executed statement: -- Drop DW tables in correct dependency order
DROP...
2025-11-11 13:55:45,398 - INFO - Executed statement: DROP TABLE IF EXISTS dim_date...
2025-11-11 13:55:45,398 - INFO - Executed statement: DROP TABLE IF EXISTS dim_department...
2025-11-11 13:55:45,398 - INFO - Executed statement: DROP TABLE IF EXISTS dim_doctor...
2025-11-11 13:55:45,399 - INFO - Executed statement: DROP TABLE IF EXISTS dim_diagnosis...
2025-11-11 13:55:45,399 - INFO - Executed statement: DROP TABLE IF EXISTS dim_patient...
2025-11-11 13:55:45,411 - INFO - Executed statement: -- Dimension Tables
CREATE TABLE dim_patient (
   ...
2025-11-11 13:55:45,432 - INFO - Executed statement: CREATE TABLE dim_diagnosis (
    diagnosis_id INT ...
2025-11-11 13:55:45,455 - INFO - Executed statement: CREATE TABLE dim_doctor (
    doctor_id INT AUTO_I...
2025-11-11 13:55:45,475 - INFO - Executed statement: CREATE TABLE dim_department (
    department_id IN...
2025-11-11 13:55:45,498 - INFO - Executed statement: CREATE TABLE dim_date (
    date_id VARCHAR(8) PRI...
2025-11-11 13:55:45,532 - INFO - Executed statement: -- Fact Table
CREATE TABLE fact_admissions (
    a...
2025-11-11 13:55:45,534 - INFO - Executed statement: INSERT INTO dim_patient (patient_id, first_name, l...
2025-11-11 13:55:45,538 - INFO - Executed statement: INSERT INTO dim_diagnosis (diagnosis_id, diagnosis...
2025-11-11 13:55:45,540 - INFO - Executed statement: INSERT INTO dim_doctor (doctor_name, specializatio...
2025-11-11 13:55:45,541 - INFO - Executed statement: INSERT INTO dim_department (department_name, locat...
2025-11-11 13:55:45,545 - INFO - Executed statement: INSERT INTO dim_date (date_id, full_date, day, mon...
2025-11-11 13:55:45,550 - INFO - Executed statement: INSERT INTO fact_admissions (
    admission_id,
  ...
2025-11-11 13:55:45,550 - INFO - Script executed successfully. (27 statements)
2025-11-11 13:55:45,550 - INFO - Database connection closed.
2025-11-11 13:59:11,615 - INFO - SQL script loaded successfully.
2025-11-11 13:59:11,630 - INFO - Executed statement: -- Drop existing OLTP tables if needed
DROP TABLE ...
2025-11-11 13:59:11,637 - INFO - Executed statement: DROP TABLE IF EXISTS patients...
2025-11-11 13:59:11,646 - INFO - Executed statement: DROP TABLE IF EXISTS diagnoses...
2025-11-11 13:59:11,656 - INFO - Executed statement: -- Create OLTP Tables
CREATE TABLE diagnoses (
  d...
2025-11-11 13:59:11,666 - INFO - Executed statement: CREATE TABLE patients (
  patient_id INT PRIMARY K...
2025-11-11 13:59:11,697 - INFO - Executed statement: CREATE TABLE treatments (
  admission_id INT PRIMA...
2025-11-11 13:59:11,701 - INFO - Executed statement: LOAD DATA LOCAL INFILE 'diagnoses_cleaned.csv'
INT...
2025-11-11 13:59:11,706 - INFO - Executed statement: LOAD DATA LOCAL INFILE 'patients_cleaned.csv'
INTO...
2025-11-11 13:59:11,709 - INFO - Executed statement: LOAD DATA LOCAL INFILE 'treatments_cleaned.csv'
IN...
2025-11-11 13:59:11,728 - INFO - Executed statement: -- Drop DW tables in correct dependency order
DROP...
2025-11-11 13:59:11,741 - INFO - Executed statement: DROP TABLE IF EXISTS dim_date...
2025-11-11 13:59:11,758 - INFO - Executed statement: DROP TABLE IF EXISTS dim_department...
2025-11-11 13:59:11,770 - INFO - Executed statement: DROP TABLE IF EXISTS dim_doctor...
2025-11-11 13:59:11,788 - INFO - Executed statement: DROP TABLE IF EXISTS dim_diagnosis...
2025-11-11 13:59:11,799 - INFO - Executed statement: DROP TABLE IF EXISTS dim_patient...
2025-11-11 13:59:11,820 - INFO - Executed statement: -- Dimension Tables
CREATE TABLE dim_patient (
   ...
2025-11-11 13:59:11,833 - INFO - Executed statement: CREATE TABLE dim_diagnosis (
    diagnosis_id INT ...
2025-11-11 13:59:11,849 - INFO - Executed statement: CREATE TABLE dim_doctor (
    doctor_id INT AUTO_I...
2025-11-11 13:59:11,861 - INFO - Executed statement: CREATE TABLE dim_department (
    department_id IN...
2025-11-11 13:59:11,875 - INFO - Executed statement: CREATE TABLE dim_date (
    date_id VARCHAR(8) PRI...
2025-11-11 13:59:11,899 - INFO - Executed statement: -- Fact Table
CREATE TABLE fact_admissions (
    a...
2025-11-11 13:59:11,900 - INFO - Executed statement: INSERT INTO dim_patient (patient_id, first_name, l...
2025-11-11 13:59:11,901 - INFO - Executed statement: INSERT INTO dim_diagnosis (diagnosis_id, diagnosis...
2025-11-11 13:59:11,902 - INFO - Executed statement: INSERT INTO dim_doctor (doctor_name, specializatio...
2025-11-11 13:59:11,903 - INFO - Executed statement: INSERT INTO dim_department (department_name, locat...
2025-11-11 13:59:11,904 - INFO - Executed statement: INSERT INTO dim_date (date_id, full_date, day, mon...
2025-11-11 13:59:11,905 - INFO - Executed statement: INSERT INTO fact_admissions (
    admission_id,
  ...
2025-11-11 13:59:11,906 - INFO - Script executed successfully. (27 statements)
2025-11-11 13:59:11,906 - INFO - Database connection closed.
2025-11-11 14:03:43,840 - INFO - SQL script loaded successfully.
2025-11-11 14:03:43,857 - INFO - Executed statement: -- Drop existing OLTP tables if needed
DROP TABLE ...
2025-11-11 14:03:43,867 - INFO - Executed statement: DROP TABLE IF EXISTS patients...
2025-11-11 14:03:43,876 - INFO - Executed statement: DROP TABLE IF EXISTS diagnoses...
2025-11-11 14:03:43,886 - INFO - Executed statement: -- Create OLTP Tables
CREATE TABLE diagnoses (
  d...
2025-11-11 14:03:43,899 - INFO - Executed statement: CREATE TABLE patients (
  patient_id INT PRIMARY K...
2025-11-11 14:03:43,930 - INFO - Executed statement: CREATE TABLE treatments (
  admission_id INT PRIMA...
2025-11-11 14:03:43,935 - INFO - Executed statement: LOAD DATA LOCAL INFILE 'diagnoses_cleaned.csv'
INT...
2025-11-11 14:03:43,948 - INFO - Executed statement: LOAD DATA LOCAL INFILE 'patients_cleaned.csv'
INTO...
2025-11-11 14:03:43,973 - INFO - Executed statement: LOAD DATA LOCAL INFILE 'treatments_cleaned.csv'
IN...
2025-11-11 14:03:43,995 - INFO - Executed statement: -- Drop DW tables in correct dependency order
DROP...
2025-11-11 14:03:44,011 - INFO - Executed statement: DROP TABLE IF EXISTS dim_date...
2025-11-11 14:03:44,021 - INFO - Executed statement: DROP TABLE IF EXISTS dim_department...
2025-11-11 14:03:44,037 - INFO - Executed statement: DROP TABLE IF EXISTS dim_doctor...
2025-11-11 14:03:44,056 - INFO - Executed statement: DROP TABLE IF EXISTS dim_diagnosis...
2025-11-11 14:03:44,075 - INFO - Executed statement: DROP TABLE IF EXISTS dim_patient...
2025-11-11 14:03:44,084 - INFO - Executed statement: -- Dimension Tables
CREATE TABLE dim_patient (
   ...
2025-11-11 14:03:44,097 - INFO - Executed statement: CREATE TABLE dim_diagnosis (
    diagnosis_id INT ...
2025-11-11 14:03:44,115 - INFO - Executed statement: CREATE TABLE dim_doctor (
    doctor_id INT AUTO_I...
2025-11-11 14:03:44,129 - INFO - Executed statement: CREATE TABLE dim_department (
    department_id IN...
2025-11-11 14:03:44,144 - INFO - Executed statement: CREATE TABLE dim_date (
    date_id VARCHAR(8) PRI...
2025-11-11 14:03:44,216 - INFO - Executed statement: -- Fact Table
CREATE TABLE fact_admissions (
    a...
2025-11-11 14:03:44,217 - INFO - Executed statement: INSERT INTO dim_patient (patient_id, first_name, l...
2025-11-11 14:03:44,222 - INFO - Executed statement: INSERT INTO dim_diagnosis (diagnosis_id, diagnosis...
2025-11-11 14:03:44,223 - INFO - Executed statement: INSERT INTO dim_doctor (doctor_name, specializatio...
2025-11-11 14:03:44,228 - INFO - Executed statement: INSERT INTO dim_department (department_name, locat...
2025-11-11 14:03:44,230 - INFO - Executed statement: INSERT INTO dim_date (date_id, full_date, day, mon...
2025-11-11 14:03:44,253 - ERROR - Error occurred: 1062 (23000): Duplicate entry '1' for key 'PRIMARY'
2025-11-11 14:03:44,253 - INFO - Database connection closed.
2025-11-11 14:04:47,899 - INFO - SQL script loaded successfully.
2025-11-11 14:04:47,914 - INFO - Executed statement: -- Drop existing OLTP tables if needed
DROP TABLE ...
2025-11-11 14:04:47,935 - INFO - Executed statement: DROP TABLE IF EXISTS patients...
2025-11-11 14:04:47,950 - INFO - Executed statement: DROP TABLE IF EXISTS diagnoses...
2025-11-11 14:04:47,971 - INFO - Executed statement: -- Create OLTP Tables
CREATE TABLE diagnoses (
  d...
2025-11-11 14:04:47,990 - INFO - Executed statement: CREATE TABLE patients (
  patient_id INT PRIMARY K...
2025-11-11 14:04:48,041 - INFO - Executed statement: CREATE TABLE treatments (
  admission_id INT PRIMA...
2025-11-11 14:04:48,048 - INFO - Executed statement: LOAD DATA LOCAL INFILE 'diagnoses_cleaned.csv'
INT...
2025-11-11 14:04:48,053 - INFO - Executed statement: LOAD DATA LOCAL INFILE 'patients_cleaned.csv'
INTO...
2025-11-11 14:04:48,076 - INFO - Executed statement: LOAD DATA LOCAL INFILE 'treatments_cleaned.csv'
IN...
2025-11-11 14:04:48,106 - INFO - Executed statement: -- Drop DW tables in correct dependency order
DROP...
2025-11-11 14:04:48,120 - INFO - Executed statement: DROP TABLE IF EXISTS dim_date...
2025-11-11 14:04:48,131 - INFO - Executed statement: DROP TABLE IF EXISTS dim_department...
2025-11-11 14:04:48,144 - INFO - Executed statement: DROP TABLE IF EXISTS dim_doctor...
2025-11-11 14:04:48,153 - INFO - Executed statement: DROP TABLE IF EXISTS dim_diagnosis...
2025-11-11 14:04:48,170 - INFO - Executed statement: DROP TABLE IF EXISTS dim_patient...
2025-11-11 14:04:48,185 - INFO - Executed statement: -- Dimension Tables
CREATE TABLE dim_patient (
   ...
2025-11-11 14:04:48,195 - INFO - Executed statement: CREATE TABLE dim_diagnosis (
    diagnosis_id INT ...
2025-11-11 14:04:48,205 - INFO - Executed statement: CREATE TABLE dim_doctor (
    doctor_id INT AUTO_I...
2025-11-11 14:04:48,220 - INFO - Executed statement: CREATE TABLE dim_department (
    department_id IN...
2025-11-11 14:04:48,232 - INFO - Executed statement: CREATE TABLE dim_date (
    date_id VARCHAR(8) PRI...
2025-11-11 14:04:48,254 - INFO - Executed statement: -- Fact Table
CREATE TABLE fact_admissions (
    a...
2025-11-11 14:04:48,256 - INFO - Executed statement: INSERT INTO dim_patient (patient_id, first_name, l...
2025-11-11 14:04:48,262 - INFO - Executed statement: INSERT INTO dim_diagnosis (diagnosis_id, diagnosis...
2025-11-11 14:04:48,266 - INFO - Executed statement: INSERT INTO dim_doctor (doctor_name, specializatio...
2025-11-11 14:04:48,267 - INFO - Executed statement: INSERT INTO dim_department (department_name, locat...
2025-11-11 14:04:48,268 - INFO - Executed statement: INSERT INTO dim_date (date_id, full_date, day, mon...
2025-11-11 14:04:48,319 - ERROR - Error occurred: 1062 (23000): Duplicate entry '1' for key 'PRIMARY'
2025-11-11 14:04:48,320 - INFO - Database connection closed.
2025-11-11 14:07:13,639 - ERROR - No such comm target registered: jupyter.widget.control
2025-11-11 14:07:13,642 - WARNING - No such comm: efd06b9b-f899-46b0-8176-4236c32ffb85
2025-11-11 14:28:45,086 - INFO - SQL script loaded successfully.
2025-11-11 14:28:45,086 - INFO - Executed statement: SET FOREIGN_KEY_CHECKS = 0...
2025-11-11 14:28:45,097 - INFO - Executed statement: -- Drop existing OLTP tables if needed
DROP TABLE ...
2025-11-11 14:28:45,105 - INFO - Executed statement: DROP TABLE IF EXISTS patients...
2025-11-11 14:28:45,113 - INFO - Executed statement: DROP TABLE IF EXISTS diagnoses...
2025-11-11 14:28:45,125 - INFO - Executed statement: -- Drop DW tables in correct dependency order
DROP...
2025-11-11 14:28:45,133 - INFO - Executed statement: DROP TABLE IF EXISTS dim_date...
2025-11-11 14:28:45,146 - INFO - Executed statement: DROP TABLE IF EXISTS dim_department...
2025-11-11 14:28:45,161 - INFO - Executed statement: DROP TABLE IF EXISTS dim_doctor...
2025-11-11 14:28:45,172 - INFO - Executed statement: DROP TABLE IF EXISTS dim_diagnosis...
2025-11-11 14:28:45,188 - INFO - Executed statement: DROP TABLE IF EXISTS dim_patient...
2025-11-11 14:28:45,191 - INFO - Executed statement: SET FOREIGN_KEY_CHECKS = 1...
2025-11-11 14:28:45,220 - INFO - Executed statement: -- Create OLTP Tables
CREATE TABLE diagnoses (
  d...
2025-11-11 14:28:45,244 - INFO - Executed statement: CREATE TABLE patients (
  patient_id INT PRIMARY K...
2025-11-11 14:28:45,276 - INFO - Executed statement: CREATE TABLE treatments (
  admission_id INT PRIMA...
2025-11-11 14:28:45,278 - INFO - Executed statement: LOAD DATA LOCAL INFILE 'diagnoses_cleaned.csv'
INT...
2025-11-11 14:28:45,282 - INFO - Executed statement: LOAD DATA LOCAL INFILE 'patients_cleaned.csv'
INTO...
2025-11-11 14:28:45,299 - INFO - Executed statement: LOAD DATA LOCAL INFILE 'treatments_cleaned.csv'
IN...
2025-11-11 14:28:45,319 - INFO - Executed statement: -- Dimension Tables
CREATE TABLE dim_patient (
   ...
2025-11-11 14:28:45,331 - INFO - Executed statement: CREATE TABLE dim_diagnosis (
    diagnosis_id INT ...
2025-11-11 14:28:45,343 - INFO - Executed statement: CREATE TABLE dim_doctor (
    doctor_id INT AUTO_I...
2025-11-11 14:28:45,356 - INFO - Executed statement: CREATE TABLE dim_department (
    department_id IN...
2025-11-11 14:28:45,368 - INFO - Executed statement: CREATE TABLE dim_date (
    date_id VARCHAR(8) PRI...
2025-11-11 14:28:45,398 - INFO - Executed statement: -- Fact Table
CREATE TABLE fact_admissions (
    a...
2025-11-11 14:28:45,400 - INFO - Executed statement: INSERT INTO dim_patient (patient_id, first_name, l...
2025-11-11 14:28:45,405 - INFO - Executed statement: INSERT INTO dim_diagnosis (diagnosis_id, diagnosis...
2025-11-11 14:28:45,411 - INFO - Executed statement: INSERT INTO dim_doctor (doctor_name, specializatio...
2025-11-11 14:28:45,415 - INFO - Executed statement: INSERT INTO dim_department (department_name, locat...
2025-11-11 14:28:45,420 - INFO - Executed statement: INSERT INTO dim_date (date_id, full_date, day, mon...
2025-11-11 14:28:45,439 - ERROR - Error occurred: 1062 (23000): Duplicate entry '1' for key 'PRIMARY'
2025-11-11 14:28:45,440 - INFO - Database connection closed.
2025-11-11 14:30:36,932 - INFO - SQL script loaded successfully.
2025-11-11 14:30:36,932 - INFO - Executed statement: SET FOREIGN_KEY_CHECKS = 0...
2025-11-11 14:30:36,948 - INFO - Executed statement: -- Drop existing OLTP tables if needed
DROP TABLE ...
2025-11-11 14:30:36,958 - INFO - Executed statement: DROP TABLE IF EXISTS patients...
2025-11-11 14:30:36,972 - INFO - Executed statement: DROP TABLE IF EXISTS diagnoses...
2025-11-11 14:30:36,989 - INFO - Executed statement: -- Drop DW tables in correct dependency order
DROP...
2025-11-11 14:30:37,004 - INFO - Executed statement: DROP TABLE IF EXISTS dim_date...
2025-11-11 14:30:37,019 - INFO - Executed statement: DROP TABLE IF EXISTS dim_department...
2025-11-11 14:30:37,034 - INFO - Executed statement: DROP TABLE IF EXISTS dim_doctor...
2025-11-11 14:30:37,048 - INFO - Executed statement: DROP TABLE IF EXISTS dim_diagnosis...
2025-11-11 14:30:37,062 - INFO - Executed statement: DROP TABLE IF EXISTS dim_patient...
2025-11-11 14:30:37,062 - INFO - Executed statement: SET FOREIGN_KEY_CHECKS = 1...
2025-11-11 14:30:37,075 - INFO - Executed statement: -- Create OLTP Tables
CREATE TABLE diagnoses (
  d...
2025-11-11 14:30:37,100 - INFO - Executed statement: CREATE TABLE patients (
  patient_id INT PRIMARY K...
2025-11-11 14:30:37,131 - INFO - Executed statement: CREATE TABLE treatments (
  admission_id INT PRIMA...
2025-11-11 14:30:37,133 - INFO - Executed statement: LOAD DATA LOCAL INFILE 'diagnoses_cleaned.csv'
INT...
2025-11-11 14:30:37,144 - INFO - Executed statement: LOAD DATA LOCAL INFILE 'patients_cleaned.csv'
INTO...
2025-11-11 14:30:37,161 - INFO - Executed statement: LOAD DATA LOCAL INFILE 'treatments_cleaned.csv'
IN...
2025-11-11 14:30:37,177 - INFO - Executed statement: -- Dimension Tables
CREATE TABLE dim_patient (
   ...
2025-11-11 14:30:37,179 - INFO - Executed statement: INSERT INTO dim_patient
SELECT
    patient_id,
   ...
2025-11-11 14:30:37,193 - INFO - Executed statement: CREATE TABLE dim_diagnosis (
    diagnosis_id INT ...
2025-11-11 14:30:37,197 - INFO - Executed statement: INSERT INTO dim_diagnosis
SELECT
    diagnosis_id,...
2025-11-11 14:30:37,221 - INFO - Executed statement: CREATE TABLE dim_doctor (
    doctor_id INT AUTO_I...
2025-11-11 14:30:37,222 - INFO - Executed statement: INSERT INTO dim_doctor (doctor_name, specializatio...
2025-11-11 14:30:37,235 - INFO - Executed statement: CREATE TABLE dim_department (
    department_id IN...
2025-11-11 14:30:37,236 - INFO - Executed statement: INSERT INTO dim_department (department_name)
SELEC...
2025-11-11 14:30:37,250 - INFO - Executed statement: CREATE TABLE dim_date (
    date_id VARCHAR(8) PRI...
2025-11-11 14:30:37,252 - INFO - Executed statement: INSERT INTO dim_date
SELECT DISTINCT
    DATE_FORM...
2025-11-11 14:30:37,287 - INFO - Executed statement: -- Fact Table
CREATE TABLE fact_admissions (
    a...
2025-11-11 14:30:37,291 - ERROR - Error occurred: 1062 (23000): Duplicate entry '1' for key 'PRIMARY'
2025-11-11 14:30:37,292 - INFO - Database connection closed.
2025-11-11 14:37:03,637 - INFO - SQL script loaded successfully.
2025-11-11 14:37:03,637 - INFO - Executed statement: SET FOREIGN_KEY_CHECKS = 0...
2025-11-11 14:37:03,652 - INFO - Executed statement: -- Drop existing OLTP tables
DROP TABLE IF EXISTS ...
2025-11-11 14:37:03,660 - INFO - Executed statement: DROP TABLE IF EXISTS patients...
2025-11-11 14:37:03,668 - INFO - Executed statement: DROP TABLE IF EXISTS diagnoses...
2025-11-11 14:37:03,691 - INFO - Executed statement: -- Remove records
TRUNCATE TABLE dim_patient...
2025-11-11 14:37:03,728 - INFO - Executed statement: TRUNCATE TABLE dim_diagnosis...
2025-11-11 14:37:03,766 - INFO - Executed statement: TRUNCATE TABLE dim_doctor...
2025-11-11 14:37:03,797 - INFO - Executed statement: TRUNCATE TABLE dim_department...
2025-11-11 14:37:03,828 - INFO - Executed statement: TRUNCATE TABLE dim_date...
2025-11-11 14:37:03,874 - INFO - Executed statement: TRUNCATE TABLE fact_admissions...
2025-11-11 14:37:03,874 - INFO - Executed statement: SET FOREIGN_KEY_CHECKS = 1...
2025-11-11 14:37:03,893 - INFO - Executed statement: -- Create OLTP Tables
CREATE TABLE diagnoses (
  d...
2025-11-11 14:37:03,908 - INFO - Executed statement: CREATE TABLE patients (
  patient_id INT PRIMARY K...
2025-11-11 14:37:03,925 - INFO - Executed statement: CREATE TABLE treatments (
  admission_id INT PRIMA...
2025-11-11 14:37:03,927 - INFO - Executed statement: LOAD DATA LOCAL INFILE 'diagnoses_cleaned.csv'
INT...
2025-11-11 14:37:03,931 - INFO - Executed statement: LOAD DATA LOCAL INFILE 'patients_cleaned.csv'
INTO...
2025-11-11 14:37:03,934 - INFO - Executed statement: LOAD DATA LOCAL INFILE 'treatments_cleaned.csv'
IN...
2025-11-11 14:37:03,940 - ERROR - Error occurred: 1050 (42S01): Table 'dim_patient' already exists
2025-11-11 14:37:03,941 - INFO - Database connection closed.
2025-11-11 14:38:17,210 - INFO - SQL script loaded successfully.
2025-11-11 14:38:17,210 - INFO - Executed statement: SET FOREIGN_KEY_CHECKS = 0...
2025-11-11 14:38:17,224 - INFO - Executed statement: -- Drop existing OLTP tables if needed
DROP TABLE ...
2025-11-11 14:38:17,232 - INFO - Executed statement: DROP TABLE IF EXISTS patients...
2025-11-11 14:38:17,239 - INFO - Executed statement: DROP TABLE IF EXISTS diagnoses...
2025-11-11 14:38:17,248 - INFO - Executed statement: -- Drop DW tables in correct dependency order
DROP...
2025-11-11 14:38:17,259 - INFO - Executed statement: DROP TABLE IF EXISTS dim_date...
2025-11-11 14:38:17,268 - INFO - Executed statement: DROP TABLE IF EXISTS dim_department...
2025-11-11 14:38:17,280 - INFO - Executed statement: DROP TABLE IF EXISTS dim_doctor...
2025-11-11 14:38:17,295 - INFO - Executed statement: DROP TABLE IF EXISTS dim_diagnosis...
2025-11-11 14:38:17,310 - INFO - Executed statement: DROP TABLE IF EXISTS dim_patient...
2025-11-11 14:38:17,310 - ERROR - Error occurred: 1146 (42S02): Table 'clinic_dw.dim_patient' doesn't exist
2025-11-11 14:38:17,315 - INFO - Database connection closed.
2025-11-11 14:38:42,206 - INFO - SQL script loaded successfully.
2025-11-11 14:38:42,207 - INFO - Executed statement: SET FOREIGN_KEY_CHECKS = 0...
2025-11-11 14:38:42,207 - INFO - Executed statement: -- Drop existing OLTP tables if needed
DROP TABLE ...
2025-11-11 14:38:42,207 - INFO - Executed statement: DROP TABLE IF EXISTS patients...
2025-11-11 14:38:42,208 - INFO - Executed statement: DROP TABLE IF EXISTS diagnoses...
2025-11-11 14:38:42,208 - INFO - Executed statement: -- Drop DW tables in correct dependency order
DROP...
2025-11-11 14:38:42,208 - INFO - Executed statement: DROP TABLE IF EXISTS dim_date...
2025-11-11 14:38:42,208 - INFO - Executed statement: DROP TABLE IF EXISTS dim_department...
2025-11-11 14:38:42,209 - INFO - Executed statement: DROP TABLE IF EXISTS dim_doctor...
2025-11-11 14:38:42,209 - INFO - Executed statement: DROP TABLE IF EXISTS dim_diagnosis...
2025-11-11 14:38:42,209 - INFO - Executed statement: DROP TABLE IF EXISTS dim_patient...
2025-11-11 14:38:42,209 - INFO - Executed statement: SET FOREIGN_KEY_CHECKS = 1...
2025-11-11 14:38:42,224 - INFO - Executed statement: -- Create OLTP Tables
CREATE TABLE diagnoses (
  d...
2025-11-11 14:38:42,233 - INFO - Executed statement: CREATE TABLE patients (
  patient_id INT PRIMARY K...
2025-11-11 14:38:42,253 - INFO - Executed statement: CREATE TABLE treatments (
  admission_id INT PRIMA...
2025-11-11 14:38:42,255 - INFO - Executed statement: LOAD DATA LOCAL INFILE 'diagnoses_cleaned.csv'
INT...
2025-11-11 14:38:42,263 - INFO - Executed statement: LOAD DATA LOCAL INFILE 'patients_cleaned.csv'
INTO...
2025-11-11 14:38:42,273 - INFO - Executed statement: LOAD DATA LOCAL INFILE 'treatments_cleaned.csv'
IN...
2025-11-11 14:38:42,290 - INFO - Executed statement: -- Dimension Tables
CREATE TABLE dim_patient (
   ...
2025-11-11 14:38:42,291 - INFO - Executed statement: INSERT INTO dim_patient
SELECT
    patient_id,
   ...
2025-11-11 14:38:42,304 - INFO - Executed statement: CREATE TABLE dim_diagnosis (
    diagnosis_id INT ...
2025-11-11 14:38:42,305 - INFO - Executed statement: INSERT INTO dim_diagnosis
SELECT
    diagnosis_id,...
2025-11-11 14:38:42,319 - INFO - Executed statement: CREATE TABLE dim_doctor (
    doctor_id INT AUTO_I...
2025-11-11 14:38:42,320 - INFO - Executed statement: INSERT INTO dim_doctor (doctor_name, specializatio...
2025-11-11 14:38:42,339 - INFO - Executed statement: CREATE TABLE dim_department (
    department_id IN...
2025-11-11 14:38:42,340 - INFO - Executed statement: INSERT INTO dim_department (department_name)
SELEC...
2025-11-11 14:38:42,352 - INFO - Executed statement: CREATE TABLE dim_date (
    date_id VARCHAR(8) PRI...
2025-11-11 14:38:42,354 - INFO - Executed statement: INSERT INTO dim_date
SELECT DISTINCT
    DATE_FORM...
2025-11-11 14:38:42,380 - INFO - Executed statement: -- Fact Table
CREATE TABLE fact_admissions (
    a...
2025-11-11 14:38:42,385 - ERROR - Error occurred: 1062 (23000): Duplicate entry '1' for key 'PRIMARY'
2025-11-11 14:38:42,385 - INFO - Database connection closed.
2025-11-11 14:39:50,237 - INFO - Database connection closed.
2025-11-11 14:40:11,524 - INFO - SQL script loaded successfully.
2025-11-11 14:40:11,525 - INFO - Executed statement: SET FOREIGN_KEY_CHECKS = 0...
2025-11-11 14:40:11,525 - INFO - Executed statement: -- Drop existing OLTP tables if needed
DROP TABLE ...
2025-11-11 14:40:11,525 - INFO - Executed statement: DROP TABLE IF EXISTS patients...
2025-11-11 14:40:11,526 - INFO - Executed statement: DROP TABLE IF EXISTS diagnoses...
2025-11-11 14:40:11,526 - INFO - Executed statement: -- Drop DW tables in correct dependency order
DROP...
2025-11-11 14:40:11,526 - INFO - Executed statement: DROP TABLE IF EXISTS dim_date...
2025-11-11 14:40:11,527 - INFO - Executed statement: DROP TABLE IF EXISTS dim_department...
2025-11-11 14:40:11,527 - INFO - Executed statement: DROP TABLE IF EXISTS dim_doctor...
2025-11-11 14:40:11,527 - INFO - Executed statement: DROP TABLE IF EXISTS dim_diagnosis...
2025-11-11 14:40:11,527 - INFO - Executed statement: DROP TABLE IF EXISTS dim_patient...
2025-11-11 14:40:11,527 - INFO - Executed statement: SET FOREIGN_KEY_CHECKS = 1...
2025-11-11 14:40:11,541 - INFO - Executed statement: -- Create OLTP Tables
CREATE TABLE diagnoses (
  d...
2025-11-11 14:40:11,551 - INFO - Executed statement: CREATE TABLE patients (
  patient_id INT PRIMARY K...
2025-11-11 14:40:11,566 - INFO - Executed statement: CREATE TABLE treatments (
  admission_id INT PRIMA...
2025-11-11 14:40:11,568 - INFO - Executed statement: LOAD DATA LOCAL INFILE 'diagnoses_cleaned.csv'
INT...
2025-11-11 14:40:11,573 - INFO - Executed statement: LOAD DATA LOCAL INFILE 'patients_cleaned.csv'
INTO...
2025-11-11 14:40:11,586 - INFO - Executed statement: LOAD DATA LOCAL INFILE 'treatments_cleaned.csv'
IN...
2025-11-11 14:40:11,608 - INFO - Executed statement: -- Dimension Tables
CREATE TABLE dim_patient (
   ...
2025-11-11 14:40:11,611 - INFO - Executed statement: INSERT INTO dim_patient
SELECT
    patient_id,
   ...
2025-11-11 14:40:11,623 - INFO - Executed statement: CREATE TABLE dim_diagnosis (
    diagnosis_id INT ...
2025-11-11 14:40:11,625 - INFO - Executed statement: INSERT INTO dim_diagnosis
SELECT
    diagnosis_id,...
2025-11-11 14:40:11,640 - INFO - Executed statement: CREATE TABLE dim_doctor (
    doctor_id INT AUTO_I...
2025-11-11 14:40:11,641 - INFO - Executed statement: INSERT INTO dim_doctor (doctor_name, specializatio...
2025-11-11 14:40:11,657 - INFO - Executed statement: CREATE TABLE dim_department (
    department_id IN...
2025-11-11 14:40:11,658 - INFO - Executed statement: INSERT INTO dim_department (department_name)
SELEC...
2025-11-11 14:40:11,670 - INFO - Executed statement: CREATE TABLE dim_date (
    date_id VARCHAR(8) PRI...
2025-11-11 14:40:11,671 - INFO - Executed statement: INSERT INTO dim_date
SELECT DISTINCT
    DATE_FORM...
2025-11-11 14:40:11,698 - INFO - Executed statement: -- Fact Table
CREATE TABLE fact_admissions (
    a...
2025-11-11 14:40:11,702 - ERROR - Error occurred: 1062 (23000): Duplicate entry '1' for key 'PRIMARY'
2025-11-11 14:40:11,703 - INFO - Database connection closed.
2025-11-11 14:43:23,995 - INFO - SQL script loaded successfully.
2025-11-11 14:43:23,996 - INFO - Executed statement: SET FOREIGN_KEY_CHECKS = 0...
2025-11-11 14:43:24,006 - INFO - Executed statement: -- Drop existing OLTP tables if needed
DROP TABLE ...
2025-11-11 14:43:24,014 - INFO - Executed statement: DROP TABLE IF EXISTS patients...
2025-11-11 14:43:24,024 - INFO - Executed statement: DROP TABLE IF EXISTS diagnoses...
2025-11-11 14:43:24,033 - INFO - Executed statement: -- Drop DW tables in correct dependency order
DROP...
2025-11-11 14:43:24,046 - INFO - Executed statement: DROP TABLE IF EXISTS dim_date...
2025-11-11 14:43:24,057 - INFO - Executed statement: DROP TABLE IF EXISTS dim_department...
2025-11-11 14:43:24,076 - INFO - Executed statement: DROP TABLE IF EXISTS dim_doctor...
2025-11-11 14:43:24,093 - INFO - Executed statement: DROP TABLE IF EXISTS dim_diagnosis...
2025-11-11 14:43:24,104 - INFO - Executed statement: DROP TABLE IF EXISTS dim_patient...
2025-11-11 14:43:24,104 - INFO - Executed statement: SET FOREIGN_KEY_CHECKS = 1...
2025-11-11 14:43:24,118 - INFO - Executed statement: -- Create OLTP Tables
CREATE TABLE diagnoses (
  d...
2025-11-11 14:43:24,132 - INFO - Executed statement: CREATE TABLE patients (
  patient_id INT PRIMARY K...
2025-11-11 14:43:24,146 - INFO - Executed statement: CREATE TABLE treatments (
  admission_id INT PRIMA...
2025-11-11 14:43:24,148 - INFO - Executed statement: LOAD DATA LOCAL INFILE 'diagnoses_cleaned.csv'
INT...
2025-11-11 14:43:24,159 - INFO - Executed statement: LOAD DATA LOCAL INFILE 'patients_cleaned.csv'
INTO...
2025-11-11 14:43:24,171 - INFO - Executed statement: LOAD DATA LOCAL INFILE 'treatments_cleaned.csv'
IN...
2025-11-11 14:43:24,185 - INFO - Executed statement: -- Dimension Tables
CREATE TABLE dim_patient (
   ...
2025-11-11 14:43:24,187 - INFO - Executed statement: INSERT IGNORE INTO dim_patient
SELECT
    patient_...
2025-11-11 14:43:24,204 - INFO - Executed statement: CREATE TABLE dim_diagnosis (
    diagnosis_id INT ...
2025-11-11 14:43:24,209 - INFO - Executed statement: INSERT IGNORE INTO dim_diagnosis
SELECT
    diagno...
2025-11-11 14:43:24,234 - INFO - Executed statement: CREATE TABLE dim_doctor (
    doctor_id INT AUTO_I...
2025-11-11 14:43:24,238 - INFO - Executed statement: INSERT IGNORE INTO dim_doctor (doctor_name, specia...
2025-11-11 14:43:24,262 - INFO - Executed statement: CREATE TABLE dim_department (
    department_id IN...
2025-11-11 14:43:24,268 - INFO - Executed statement: INSERT IGNORE INTO dim_department (department_name...
2025-11-11 14:43:24,291 - INFO - Executed statement: CREATE TABLE dim_date (
    date_id VARCHAR(8) PRI...
2025-11-11 14:43:24,299 - INFO - Executed statement: INSERT IGNORE INTO dim_date
SELECT DISTINCT
    DA...
2025-11-11 14:43:24,338 - INFO - Executed statement: -- Fact Table
CREATE TABLE fact_admissions (
    a...
2025-11-11 14:43:24,392 - INFO - Executed statement: INSERT IGNORE INTO fact_admissions
SELECT
    t.ad...
2025-11-11 14:43:24,397 - INFO - Script executed successfully. (29 statements)
2025-11-11 14:43:24,398 - INFO - Database connection closed.
2025-11-11 14:43:29,269 - INFO - SQL script loaded successfully.
2025-11-11 14:43:29,270 - INFO - Executed statement: SET FOREIGN_KEY_CHECKS = 0...
2025-11-11 14:43:29,285 - INFO - Executed statement: -- Drop existing OLTP tables if needed
DROP TABLE ...
2025-11-11 14:43:29,292 - INFO - Executed statement: DROP TABLE IF EXISTS patients...
2025-11-11 14:43:29,301 - INFO - Executed statement: DROP TABLE IF EXISTS diagnoses...
2025-11-11 14:43:29,310 - INFO - Executed statement: -- Drop DW tables in correct dependency order
DROP...
2025-11-11 14:43:29,319 - INFO - Executed statement: DROP TABLE IF EXISTS dim_date...
2025-11-11 14:43:29,334 - INFO - Executed statement: DROP TABLE IF EXISTS dim_department...
2025-11-11 14:43:29,343 - INFO - Executed statement: DROP TABLE IF EXISTS dim_doctor...
2025-11-11 14:43:29,354 - INFO - Executed statement: DROP TABLE IF EXISTS dim_diagnosis...
2025-11-11 14:43:29,366 - INFO - Executed statement: DROP TABLE IF EXISTS dim_patient...
2025-11-11 14:43:29,366 - INFO - Executed statement: SET FOREIGN_KEY_CHECKS = 1...
2025-11-11 14:43:29,378 - INFO - Executed statement: -- Create OLTP Tables
CREATE TABLE diagnoses (
  d...
2025-11-11 14:43:29,389 - INFO - Executed statement: CREATE TABLE patients (
  patient_id INT PRIMARY K...
2025-11-11 14:43:29,404 - INFO - Executed statement: CREATE TABLE treatments (
  admission_id INT PRIMA...
2025-11-11 14:43:29,405 - INFO - Executed statement: LOAD DATA LOCAL INFILE 'diagnoses_cleaned.csv'
INT...
2025-11-11 14:43:29,409 - INFO - Executed statement: LOAD DATA LOCAL INFILE 'patients_cleaned.csv'
INTO...
2025-11-11 14:43:29,415 - INFO - Executed statement: LOAD DATA LOCAL INFILE 'treatments_cleaned.csv'
IN...
2025-11-11 14:43:29,428 - INFO - Executed statement: -- Dimension Tables
CREATE TABLE dim_patient (
   ...
2025-11-11 14:43:29,429 - INFO - Executed statement: INSERT IGNORE INTO dim_patient
SELECT
    patient_...
2025-11-11 14:43:29,443 - INFO - Executed statement: CREATE TABLE dim_diagnosis (
    diagnosis_id INT ...
2025-11-11 14:43:29,444 - INFO - Executed statement: INSERT IGNORE INTO dim_diagnosis
SELECT
    diagno...
2025-11-11 14:43:29,460 - INFO - Executed statement: CREATE TABLE dim_doctor (
    doctor_id INT AUTO_I...
2025-11-11 14:43:29,461 - INFO - Executed statement: INSERT IGNORE INTO dim_doctor (doctor_name, specia...
2025-11-11 14:43:29,476 - INFO - Executed statement: CREATE TABLE dim_department (
    department_id IN...
2025-11-11 14:43:29,477 - INFO - Executed statement: INSERT IGNORE INTO dim_department (department_name...
2025-11-11 14:43:29,488 - INFO - Executed statement: CREATE TABLE dim_date (
    date_id VARCHAR(8) PRI...
2025-11-11 14:43:29,490 - INFO - Executed statement: INSERT IGNORE INTO dim_date
SELECT DISTINCT
    DA...
2025-11-11 14:43:29,523 - INFO - Executed statement: -- Fact Table
CREATE TABLE fact_admissions (
    a...
2025-11-11 14:43:29,603 - INFO - Executed statement: INSERT IGNORE INTO fact_admissions
SELECT
    t.ad...
2025-11-11 14:43:29,606 - INFO - Script executed successfully. (29 statements)
2025-11-11 14:43:29,607 - INFO - Database connection closed.
2025-11-11 14:49:29,484 - INFO - SQL script loaded successfully.
2025-11-11 14:49:29,484 - INFO - Executed statement: SET FOREIGN_KEY_CHECKS = 0...
2025-11-11 14:49:29,486 - INFO - Executed statement: -- Drop existing OLTP tables if needed
DROP TABLE ...
2025-11-11 14:49:29,488 - INFO - Executed statement: DROP TABLE IF EXISTS patients...
2025-11-11 14:49:29,488 - INFO - Executed statement: DROP TABLE IF EXISTS diagnoses...
2025-11-11 14:49:29,489 - INFO - Executed statement: -- Drop DW tables in correct dependency order
DROP...
2025-11-11 14:49:29,489 - INFO - Executed statement: DROP TABLE IF EXISTS dim_date...
2025-11-11 14:49:29,490 - INFO - Executed statement: DROP TABLE IF EXISTS dim_department...
2025-11-11 14:49:29,491 - INFO - Executed statement: DROP TABLE IF EXISTS dim_doctor...
2025-11-11 14:49:29,491 - INFO - Executed statement: DROP TABLE IF EXISTS dim_diagnosis...
2025-11-11 14:49:29,491 - INFO - Executed statement: DROP TABLE IF EXISTS dim_patient...
2025-11-11 14:49:29,492 - INFO - Executed statement: SET FOREIGN_KEY_CHECKS = 1...
2025-11-11 14:49:29,511 - INFO - Executed statement: -- Create OLTP Tables
CREATE TABLE diagnoses (
  d...
2025-11-11 14:49:29,526 - INFO - Executed statement: CREATE TABLE patients (
  patient_id INT PRIMARY K...
2025-11-11 14:49:29,541 - INFO - Executed statement: CREATE TABLE treatments (
  admission_id INT PRIMA...
2025-11-11 14:49:29,544 - INFO - Executed statement: LOAD DATA LOCAL INFILE 'diagnoses_cleaned.csv'
INT...
2025-11-11 14:49:29,550 - INFO - Executed statement: LOAD DATA LOCAL INFILE 'patients_cleaned.csv'
INTO...
2025-11-11 14:49:29,562 - INFO - Executed statement: LOAD DATA LOCAL INFILE 'treatments_cleaned.csv'
IN...
2025-11-11 14:49:29,582 - INFO - Executed statement: -- Dimension Tables
CREATE TABLE dim_patient (
   ...
2025-11-11 14:49:29,585 - INFO - Executed statement: INSERT IGNORE INTO dim_patient
SELECT
    patient_...
2025-11-11 14:49:29,608 - INFO - Executed statement: CREATE TABLE dim_diagnosis (
    diagnosis_id INT ...
2025-11-11 14:49:29,616 - INFO - Executed statement: INSERT IGNORE INTO dim_diagnosis
SELECT
    diagno...
2025-11-11 14:49:29,632 - INFO - Executed statement: CREATE TABLE dim_doctor (
    doctor_id INT AUTO_I...
2025-11-11 14:49:29,634 - INFO - Executed statement: INSERT IGNORE INTO dim_doctor (doctor_name, specia...
2025-11-11 14:49:29,647 - INFO - Executed statement: CREATE TABLE dim_department (
    department_id IN...
2025-11-11 14:49:29,648 - INFO - Executed statement: INSERT IGNORE INTO dim_department (department_name...
2025-11-11 14:49:29,661 - INFO - Executed statement: CREATE TABLE dim_date (
    date_id VARCHAR(8) PRI...
2025-11-11 14:49:29,663 - INFO - Executed statement: INSERT IGNORE INTO dim_date
SELECT DISTINCT
    DA...
2025-11-11 14:49:29,690 - INFO - Executed statement: -- Fact Table
CREATE TABLE fact_admissions (
    a...
2025-11-11 14:49:29,703 - INFO - Executed statement: INSERT IGNORE INTO fact_admissions
SELECT
    t.ad...
2025-11-11 14:49:29,706 - INFO - Script executed successfully. (29 statements)
2025-11-11 14:49:29,707 - INFO - Database connection closed.
2025-11-11 15:05:38,781 - INFO - NumExpr defaulting to 4 threads.
2025-11-11 15:20:52,955 - INFO - Attempting to connect to MySQL database 'healthcare_dw'...
2025-11-11 15:20:52,957 - INFO - Database connection successful.
2025-11-11 15:20:52,957 - INFO - SQL script 'script.sql' loaded into memory.
2025-11-11 15:20:52,957 - INFO - Starting execution of SQL statements...
2025-11-11 15:20:52,958 - INFO - Executed statement: SET FOREIGN_KEY_CHECKS = 0...
2025-11-11 15:20:52,969 - INFO - Executed statement: -- Drop existing OLTP tables if needed
DROP TABLE ...
2025-11-11 15:20:52,977 - INFO - Executed statement: DROP TABLE IF EXISTS patients...
2025-11-11 15:20:52,984 - INFO - Executed statement: DROP TABLE IF EXISTS diagnoses...
2025-11-11 15:20:52,995 - INFO - Executed statement: -- Drop DW tables in correct dependency order
DROP...
2025-11-11 15:20:53,005 - INFO - Executed statement: DROP TABLE IF EXISTS dim_date...
2025-11-11 15:20:53,018 - INFO - Executed statement: DROP TABLE IF EXISTS dim_department...
2025-11-11 15:20:53,031 - INFO - Executed statement: DROP TABLE IF EXISTS dim_doctor...
2025-11-11 15:20:53,051 - INFO - Executed statement: DROP TABLE IF EXISTS dim_diagnosis...
2025-11-11 15:20:53,064 - INFO - Executed statement: DROP TABLE IF EXISTS dim_patient...
2025-11-11 15:20:53,064 - INFO - Executed statement: SET FOREIGN_KEY_CHECKS = 1...
2025-11-11 15:20:53,086 - INFO - Executed statement: -- Create OLTP Tables
CREATE TABLE diagnoses (
  d...
2025-11-11 15:20:53,107 - INFO - Executed statement: CREATE TABLE patients (
  patient_id INT PRIMARY K...
2025-11-11 15:20:53,121 - INFO - Executed statement: CREATE TABLE treatments (
  admission_id INT PRIMA...
2025-11-11 15:20:53,122 - INFO - Executed statement: LOAD DATA LOCAL INFILE 'diagnoses_cleaned.csv'
INT...
2025-11-11 15:20:53,130 - INFO - Executed statement: LOAD DATA LOCAL INFILE 'patients_cleaned.csv'
INTO...
2025-11-11 15:20:53,136 - INFO - Executed statement: LOAD DATA LOCAL INFILE 'treatments_cleaned.csv'
IN...
2025-11-11 15:20:53,147 - INFO - Executed statement: -- Dimension Tables
CREATE TABLE dim_patient (
   ...
2025-11-11 15:20:53,149 - INFO - Executed statement: INSERT IGNORE INTO dim_patient
SELECT
    patient_...
2025-11-11 15:20:53,167 - INFO - Executed statement: CREATE TABLE dim_diagnosis (
    diagnosis_id INT ...
2025-11-11 15:20:53,170 - INFO - Executed statement: INSERT IGNORE INTO dim_diagnosis
SELECT
    diagno...
2025-11-11 15:20:53,188 - INFO - Executed statement: CREATE TABLE dim_doctor (
    doctor_id INT AUTO_I...
2025-11-11 15:20:53,190 - INFO - Executed statement: INSERT IGNORE INTO dim_doctor (doctor_name, specia...
2025-11-11 15:20:53,212 - INFO - Executed statement: CREATE TABLE dim_department (
    department_id IN...
2025-11-11 15:20:53,214 - INFO - Executed statement: INSERT IGNORE INTO dim_department (department_name...
2025-11-11 15:20:53,229 - INFO - Executed statement: CREATE TABLE dim_date (
    date_id VARCHAR(8) PRI...
2025-11-11 15:20:53,233 - INFO - Executed statement: INSERT IGNORE INTO dim_date
SELECT DISTINCT
    DA...
2025-11-11 15:20:53,263 - INFO - Executed statement: -- Fact Table
CREATE TABLE fact_admissions (
    a...
2025-11-11 15:20:53,299 - INFO - Executed statement: INSERT IGNORE INTO fact_admissions
SELECT
    t.ad...
2025-11-11 15:20:53,302 - INFO - Script executed successfully. Committed 29 statements.
2025-11-11 15:20:53,302 - INFO - Closing database connection and cursor...
2025-11-11 15:20:53,303 - INFO - Database connection closed.
